<?xml version="1.0" encoding="UTF-8"?>
<!-- Generated by org.testng.reporters.JUnitXMLReporter -->
<testsuite hostname="CHNSHL616067L" ignored="3" name="FestivalMusicBand" tests="1" failures="0" timestamp="20 Dec 2022 10:11:15 GMT" time="26.242" errors="0">
  <testcase name="testBandName" time="22.486" classname="org.festivalmusic.band.FestivalBandPageTest"/>
  <testcase name="bandNameCheck" time="0.0" classname="org.festivalmusic.band.FestivalBandPageTest">
    <ignored/>
  </testcase> <!-- bandNameCheck -->
  <testcase name="bandFestivalMappingCheck" time="0.0" classname="org.festivalmusic.band.FestivalBandPageTest">
    <ignored/>
  </testcase> <!-- bandFestivalMappingCheck -->
  <testcase name="festivalNameCheck" time="0.0" classname="org.festivalmusic.band.FestivalBandPageTest">
    <ignored/>
  </testcase> <!-- festivalNameCheck -->
</testsuite> <!-- FestivalMusicBand -->
