<?xml version="1.0" encoding="UTF-8"?>
<!-- Generated by org.testng.reporters.JUnitXMLReporter -->
<testsuite hostname="CHNSHL616067L" ignored="0" name="test" tests="4" failures="0" timestamp="20 Dec 2022 10:43:11 GMT" time="4.329" errors="0">
  <testcase name="getBandName" time="0.278" classname="org.festivalmusic.band.FestivalBandPageTest"/>
  <testcase name="bandNameCheck" time="0.001" classname="org.festivalmusic.band.FestivalBandPageTest"/>
  <testcase name="festivalNameCheck" time="0.0" classname="org.festivalmusic.band.FestivalBandPageTest"/>
  <testcase name="bandFestivalMappingCheck" time="0.0" classname="org.festivalmusic.band.FestivalBandPageTest"/>
</testsuite> <!-- test -->
