<?xml version="1.0" encoding="UTF-8"?>
<testng-results skipped="0" failed="0" ignored="0" total="4" passed="4">
  <reporter-output>
  </reporter-output>
  <suite name="Band Festival Musical Suite" duration-ms="4329" started-at="2022-12-20T10:43:07Z" finished-at="2022-12-20T10:43:11Z">
    <groups>
    </groups>
    <test name="test" duration-ms="4329" started-at="2022-12-20T10:43:07Z" finished-at="2022-12-20T10:43:11Z">
      <class name="org.festivalmusic.band.FestivalBandPageTest">
        <test-method status="PASS" signature="setup()[pri:0, instance:org.festivalmusic.band.FestivalBandPageTest@1554909b]" name="setup" is-config="true" duration-ms="4011" started-at="2022-12-20T10:43:07Z" finished-at="2022-12-20T10:43:11Z">
          <reporter-output>
          </reporter-output>
        </test-method> <!-- setup -->
        <test-method status="PASS" signature="getBandName()[pri:1, instance:org.festivalmusic.band.FestivalBandPageTest@1554909b]" name="getBandName" duration-ms="278" started-at="2022-12-20T10:43:11Z" finished-at="2022-12-20T10:43:11Z">
          <reporter-output>
          </reporter-output>
        </test-method> <!-- getBandName -->
        <test-method status="PASS" signature="bandNameCheck()[pri:2, instance:org.festivalmusic.band.FestivalBandPageTest@1554909b]" name="bandNameCheck" duration-ms="1" started-at="2022-12-20T10:43:11Z" finished-at="2022-12-20T10:43:11Z">
          <reporter-output>
          </reporter-output>
        </test-method> <!-- bandNameCheck -->
        <test-method status="PASS" signature="festivalNameCheck()[pri:3, instance:org.festivalmusic.band.FestivalBandPageTest@1554909b]" name="festivalNameCheck" duration-ms="0" started-at="2022-12-20T10:43:11Z" finished-at="2022-12-20T10:43:11Z">
          <reporter-output>
          </reporter-output>
        </test-method> <!-- festivalNameCheck -->
        <test-method status="PASS" signature="bandFestivalMappingCheck()[pri:4, instance:org.festivalmusic.band.FestivalBandPageTest@1554909b]" name="bandFestivalMappingCheck" duration-ms="0" started-at="2022-12-20T10:43:11Z" finished-at="2022-12-20T10:43:11Z">
          <reporter-output>
          </reporter-output>
        </test-method> <!-- bandFestivalMappingCheck -->
      </class> <!-- org.festivalmusic.band.FestivalBandPageTest -->
    </test> <!-- test -->
  </suite> <!-- Band Festival Musical Suite -->
</testng-results>
